2021-12-10 11:05:38.227 [main] INFO  ConnectionManager() -  all connections, size: 1, list: [ConnectionInfo{host='127.0.0.1', port=20200}]
2021-12-10 11:05:38.303 [main] INFO  ConnectionManager() -  build ECDSA ssl context with configured certificates 
2021-12-10 11:05:44.158 [nioEventLoopGroup-2-1] INFO  ChannelHandler() -  handshake success, host: 127.0.0.1, port: 20200, ctx: 908405738
2021-12-10 11:05:44.244 [nioEventLoopGroup-2-1] INFO  ChannelImp() -  node: ClientVersion{version='2.8.0', supportedVersion='2.8.0', chainId='1', buildTime='20210830 12:52:15', buildType='Linux/clang/Release', gitBranch='HEAD', gitCommitHash='30fb38ac5692468058abf6aa12869d2ae776c275'}, content: {"id":0,"jsonrpc":"2.0","result":{"Build Time":"20210830 12:52:15","Build Type":"Linux/clang/Release","Chain Id":"1","FISCO-BCOS Version":"2.8.0","Git Branch":"HEAD","Git Commit Hash":"30fb38ac5692468058abf6aa12869d2ae776c275","Supported Version":"2.8.0"}}

2021-12-10 11:05:44.245 [nioEventLoopGroup-2-1] INFO  ChannelImp() -  support channel handshake node
2021-12-10 11:05:44.252 [nioEventLoopGroup-2-1] INFO  ChannelImp() -  channel protocol handshake success, set socket channel protocol, host: 127.0.0.1:20200, channel protocol: ChannelProtocol [protocol=3, nodeVersion=2.8.0, EnumProtocol=VERSION_3]
2021-12-10 11:05:44.280 [main] INFO  ChannelImp() -  Connect to  nodes: 127.0.0.1:20200, java version: 1.8.0_292 ,java vendor: Private Build
2021-12-10 11:05:44.282 [main] INFO  BcosSDK() - create BcosSDK, start channel success, cryptoType: 0
2021-12-10 11:05:44.289 [main] INFO  BcosSDK() - create BcosSDK, start channel succ, channelProcessorThreadSize: 50, receiptProcessorThreadSize: 50
2021-12-10 11:05:44.303 [main] INFO  GroupManagerServiceImpl() - registerBlockNumberNotifyHandler
2021-12-10 11:05:44.304 [main] INFO  GroupManagerServiceImpl() - registerTransactionNotifyHandler
2021-12-10 11:05:44.326 [main] INFO  BcosSDK() - create BcosSDK, create groupManagerService success
2021-12-10 11:05:44.793 [main] WARN  KeyTool() - get method for EC5Util failed, method name: convertSpec
2021-12-10 11:05:44.804 [main] WARN  KeyTool() - get method for EC5Util failed, method name: convertSpec
2021-12-10 11:05:44.913 [main] WARN  KeyTool() - get method for EC5Util failed, method name: convertSpec
2021-12-10 11:05:44.916 [main] WARN  KeyTool() - get method for EC5Util failed, method name: convertSpec
2021-12-10 11:05:44.926 [main] WARN  KeyTool() - get method for EC5Util failed, method name: convertSpec
2021-12-10 11:05:44.928 [main] WARN  KeyTool() - get method for EC5Util failed, method name: convertSpec
2021-12-10 11:05:44.939 [main] WARN  KeyTool() - get method for EC5Util failed, method name: convertSpec
2021-12-10 11:05:44.940 [main] WARN  KeyTool() - get method for EC5Util failed, method name: convertSpec
2021-12-10 11:05:44.946 [main] WARN  KeyTool() - get method for EC5Util failed, method name: convertSpec
2021-12-10 11:05:44.947 [main] WARN  KeyTool() - get method for EC5Util failed, method name: convertSpec
2021-12-10 11:05:44.957 [main] WARN  KeyTool() - get method for EC5Util failed, method name: convertSpec
2021-12-10 11:05:44.958 [main] WARN  KeyTool() - get method for EC5Util failed, method name: convertSpec
2021-12-10 11:05:44.970 [main] WARN  KeyTool() - get method for EC5Util failed, method name: convertSpec
2021-12-10 11:05:44.972 [main] WARN  KeyTool() - get method for EC5Util failed, method name: convertSpec
2021-12-10 11:05:44.991 [main] WARN  KeyTool() - get method for EC5Util failed, method name: convertSpec
2021-12-10 11:05:44.992 [main] WARN  KeyTool() - get method for EC5Util failed, method name: convertSpec
2021-12-10 11:05:45.002 [main] WARN  KeyTool() - get method for EC5Util failed, method name: convertSpec
2021-12-10 11:05:45.003 [main] WARN  KeyTool() - get method for EC5Util failed, method name: convertSpec
2021-12-10 11:05:45.004 [main] INFO  AmopImp() - update subscribe inform 1 peers
2021-12-10 11:05:45.009 [main] INFO  AmopImp() - amop module started
2021-12-10 11:05:45.009 [main] INFO  AmopImp() - update subscribe inform 1 peers
2021-12-10 11:05:45.010 [main] INFO  BcosSDK() - create BcosSDK, create Amop success
2021-12-10 11:05:45.853 [main] WARN  KeyTool() - get method for EC5Util failed, method name: convertSpec
2021-12-10 11:05:45.854 [main] WARN  KeyTool() - get method for EC5Util failed, method name: convertSpec
2021-12-10 11:05:45.863 [main] WARN  KeyTool() - get method for EC5Util failed, method name: convertSpec
2021-12-10 11:05:45.864 [main] WARN  KeyTool() - get method for EC5Util failed, method name: convertSpec
2021-12-10 11:05:45.877 [main] WARN  KeyTool() - get method for EC5Util failed, method name: convertSpec
2021-12-10 11:05:45.878 [main] WARN  KeyTool() - get method for EC5Util failed, method name: convertSpec
2021-12-10 11:05:46.097 [main] WARN  KeyTool() - get method for EC5Util failed, method name: convertSpec
2021-12-10 11:05:46.101 [main] WARN  KeyTool() - get method for EC5Util failed, method name: convertSpec
2021-12-10 11:05:46.142 [main] WARN  KeyTool() - get method for EC5Util failed, method name: convertSpec
2021-12-10 11:05:46.144 [main] WARN  KeyTool() - get method for EC5Util failed, method name: convertSpec
2021-12-10 11:05:46.151 [main] WARN  KeyTool() - get method for EC5Util failed, method name: convertSpec
2021-12-10 11:05:46.153 [main] WARN  KeyTool() - get method for EC5Util failed, method name: convertSpec
2021-12-10 11:05:46.164 [main] WARN  KeyTool() - get method for EC5Util failed, method name: convertSpec
2021-12-10 11:05:46.165 [main] WARN  KeyTool() - get method for EC5Util failed, method name: convertSpec
2021-12-10 11:05:46.171 [main] WARN  KeyTool() - get method for EC5Util failed, method name: convertSpec
2021-12-10 11:05:46.171 [main] WARN  KeyTool() - get method for EC5Util failed, method name: convertSpec
2021-12-10 11:05:46.182 [main] WARN  KeyTool() - get method for EC5Util failed, method name: convertSpec
2021-12-10 11:05:46.182 [main] WARN  KeyTool() - get method for EC5Util failed, method name: convertSpec
2021-12-10 11:05:57.161 [pool-11-thread-1] WARN  KeyTool() - get method for EC5Util failed, method name: convertSpec
2021-12-10 11:05:57.162 [pool-11-thread-1] WARN  KeyTool() - get method for EC5Util failed, method name: convertSpec
2021-12-10 11:05:57.171 [pool-11-thread-1] WARN  KeyTool() - get method for EC5Util failed, method name: convertSpec
2021-12-10 11:05:57.172 [pool-11-thread-1] WARN  KeyTool() - get method for EC5Util failed, method name: convertSpec
2021-12-10 11:05:57.188 [pool-11-thread-1] WARN  KeyTool() - get method for EC5Util failed, method name: convertSpec
2021-12-10 11:05:57.189 [pool-11-thread-1] WARN  KeyTool() - get method for EC5Util failed, method name: convertSpec
2021-12-10 11:05:57.190 [pool-11-thread-1] INFO  CryptoSuite() - init CryptoSuite, cryptoType: 0
2021-12-10 11:05:57.204 [pool-11-thread-1] WARN  KeyTool() - get method for EC5Util failed, method name: convertSpec
2021-12-10 11:05:57.205 [pool-11-thread-1] WARN  KeyTool() - get method for EC5Util failed, method name: convertSpec
2021-12-10 11:05:57.205 [pool-11-thread-1] INFO  Client() - build client success for group 1
2021-12-10 11:05:57.205 [pool-11-thread-1] INFO  BcosSDK() - create client for group 1 success
2021-12-10 11:06:02.905 [http-nio-5002-exec-9] WARN  Client() - build client failed for no peers setup the group 2
2021-12-10 11:06:10.561 [http-nio-5002-exec-5] WARN  KeyTool() - get method for EC5Util failed, method name: convertSpec
2021-12-10 11:06:10.562 [http-nio-5002-exec-5] WARN  KeyTool() - get method for EC5Util failed, method name: convertSpec
2021-12-10 11:06:10.641 [http-nio-5002-exec-2] WARN  KeyTool() - get method for EC5Util failed, method name: convertSpec
2021-12-10 11:06:10.642 [http-nio-5002-exec-2] WARN  KeyTool() - get method for EC5Util failed, method name: convertSpec
2021-12-10 11:06:10.669 [http-nio-5002-exec-3] WARN  KeyTool() - get method for EC5Util failed, method name: convertSpec
2021-12-10 11:06:10.670 [http-nio-5002-exec-3] WARN  KeyTool() - get method for EC5Util failed, method name: convertSpec
2021-12-10 11:06:10.697 [http-nio-5002-exec-4] WARN  KeyTool() - get method for EC5Util failed, method name: convertSpec
2021-12-10 11:06:10.698 [http-nio-5002-exec-4] WARN  KeyTool() - get method for EC5Util failed, method name: convertSpec
2021-12-10 11:06:18.411 [http-nio-5002-exec-9] WARN  KeyTool() - get method for EC5Util failed, method name: convertSpec
2021-12-10 11:06:18.411 [http-nio-5002-exec-9] WARN  KeyTool() - get method for EC5Util failed, method name: convertSpec
2021-12-10 11:06:18.499 [http-nio-5002-exec-6] WARN  KeyTool() - get method for EC5Util failed, method name: convertSpec
2021-12-10 11:06:18.500 [http-nio-5002-exec-6] WARN  KeyTool() - get method for EC5Util failed, method name: convertSpec
2021-12-10 11:06:18.515 [http-nio-5002-exec-6] INFO  ContractABIDefinition() -  name: getEvidence, methodId: 0x60004bd1, methodSignature: getEvidence(address), abi: org.fisco.bcos.sdk.abi.wrapper.ABIDefinition@d4e3c41
2021-12-10 11:06:18.515 [http-nio-5002-exec-6] INFO  ABIDefinitionFactory() -  abiDefinition: org.fisco.bcos.sdk.abi.wrapper.ABIDefinition@d4e3c41
2021-12-10 11:06:18.515 [http-nio-5002-exec-6] INFO  ContractABIDefinition() -  name: newEvidence, methodId: 0xa3aaada5, methodSignature: newEvidence(string), abi: org.fisco.bcos.sdk.abi.wrapper.ABIDefinition@c5ea1a61
2021-12-10 11:06:18.515 [http-nio-5002-exec-6] INFO  ABIDefinitionFactory() -  abiDefinition: org.fisco.bcos.sdk.abi.wrapper.ABIDefinition@c5ea1a61
2021-12-10 11:06:18.515 [http-nio-5002-exec-6] INFO  ContractABIDefinition() -  name: newEvidenceEvent, abi: org.fisco.bcos.sdk.abi.wrapper.ABIDefinition@5e96694f
2021-12-10 11:06:18.516 [http-nio-5002-exec-6] INFO  ABIDefinitionFactory() -  abiDefinition: org.fisco.bcos.sdk.abi.wrapper.ABIDefinition@5e96694f
2021-12-10 11:06:18.516 [http-nio-5002-exec-6] INFO  ABIDefinitionFactory() -  contractABIDefinition org.fisco.bcos.sdk.abi.wrapper.ContractABIDefinition@d756cbb 
2021-12-10 11:06:18.519 [http-nio-5002-exec-6] INFO  ABIObjectFactory() -  name: null
2021-12-10 11:06:26.155 [http-nio-5002-exec-1] WARN  Client() - build client failed for no peers setup the group 2
2021-12-10 11:06:38.969 [http-nio-5002-exec-10] WARN  KeyTool() - get method for EC5Util failed, method name: convertSpec
2021-12-10 11:06:38.971 [http-nio-5002-exec-10] WARN  KeyTool() - get method for EC5Util failed, method name: convertSpec
2021-12-10 11:06:38.998 [http-nio-5002-exec-5] WARN  KeyTool() - get method for EC5Util failed, method name: convertSpec
2021-12-10 11:06:38.999 [http-nio-5002-exec-5] WARN  KeyTool() - get method for EC5Util failed, method name: convertSpec
2021-12-10 11:06:39.025 [http-nio-5002-exec-6] WARN  KeyTool() - get method for EC5Util failed, method name: convertSpec
2021-12-10 11:06:39.026 [http-nio-5002-exec-6] WARN  KeyTool() - get method for EC5Util failed, method name: convertSpec
2021-12-10 11:06:39.050 [http-nio-5002-exec-2] WARN  KeyTool() - get method for EC5Util failed, method name: convertSpec
2021-12-10 11:06:39.051 [http-nio-5002-exec-2] WARN  KeyTool() - get method for EC5Util failed, method name: convertSpec
2021-12-10 11:06:39.072 [http-nio-5002-exec-3] WARN  KeyTool() - get method for EC5Util failed, method name: convertSpec
2021-12-10 11:06:39.072 [http-nio-5002-exec-3] WARN  KeyTool() - get method for EC5Util failed, method name: convertSpec
2021-12-10 11:06:41.931 [http-nio-5002-exec-3] WARN  Client() - build client failed for no peers setup the group 2
2021-12-10 11:06:44.993 [http-nio-5002-exec-9] WARN  KeyTool() - get method for EC5Util failed, method name: convertSpec
2021-12-10 11:06:44.993 [http-nio-5002-exec-9] WARN  KeyTool() - get method for EC5Util failed, method name: convertSpec
2021-12-10 11:06:45.018 [http-nio-5002-exec-10] WARN  KeyTool() - get method for EC5Util failed, method name: convertSpec
2021-12-10 11:06:45.019 [http-nio-5002-exec-10] WARN  KeyTool() - get method for EC5Util failed, method name: convertSpec
2021-12-10 11:06:45.040 [http-nio-5002-exec-5] WARN  KeyTool() - get method for EC5Util failed, method name: convertSpec
2021-12-10 11:06:45.041 [http-nio-5002-exec-5] WARN  KeyTool() - get method for EC5Util failed, method name: convertSpec
2021-12-10 11:06:45.064 [http-nio-5002-exec-6] WARN  KeyTool() - get method for EC5Util failed, method name: convertSpec
2021-12-10 11:06:45.064 [http-nio-5002-exec-6] WARN  KeyTool() - get method for EC5Util failed, method name: convertSpec
2021-12-10 11:06:45.088 [http-nio-5002-exec-2] WARN  KeyTool() - get method for EC5Util failed, method name: convertSpec
2021-12-10 11:06:45.089 [http-nio-5002-exec-2] WARN  KeyTool() - get method for EC5Util failed, method name: convertSpec
2021-12-10 11:06:57.326 [http-nio-5002-exec-6] WARN  Client() - build client failed for no peers setup the group 2
2021-12-10 11:08:49.168 [http-nio-5002-exec-3] WARN  Client() - build client failed for no peers setup the group 2
2021-12-10 11:14:38.932 [main] INFO  ConnectionManager() -  all connections, size: 1, list: [ConnectionInfo{host='127.0.0.1', port=20200}]
2021-12-10 11:14:38.976 [main] INFO  ConnectionManager() -  build ECDSA ssl context with configured certificates 
2021-12-10 11:14:44.546 [nioEventLoopGroup-2-1] INFO  ChannelHandler() -  handshake success, host: 127.0.0.1, port: 20200, ctx: 908405738
2021-12-10 11:14:44.657 [nioEventLoopGroup-2-1] INFO  ChannelImp() -  node: ClientVersion{version='2.8.0', supportedVersion='2.8.0', chainId='1', buildTime='20210830 12:52:15', buildType='Linux/clang/Release', gitBranch='HEAD', gitCommitHash='30fb38ac5692468058abf6aa12869d2ae776c275'}, content: {"id":0,"jsonrpc":"2.0","result":{"Build Time":"20210830 12:52:15","Build Type":"Linux/clang/Release","Chain Id":"1","FISCO-BCOS Version":"2.8.0","Git Branch":"HEAD","Git Commit Hash":"30fb38ac5692468058abf6aa12869d2ae776c275","Supported Version":"2.8.0"}}

2021-12-10 11:14:44.658 [nioEventLoopGroup-2-1] INFO  ChannelImp() -  support channel handshake node
2021-12-10 11:14:44.665 [nioEventLoopGroup-2-1] INFO  ChannelImp() -  channel protocol handshake success, set socket channel protocol, host: 127.0.0.1:20200, channel protocol: ChannelProtocol [protocol=3, nodeVersion=2.8.0, EnumProtocol=VERSION_3]
2021-12-10 11:14:44.668 [main] INFO  ChannelImp() -  Connect to  nodes: 127.0.0.1:20200, java version: 1.8.0_292 ,java vendor: Private Build
2021-12-10 11:14:44.669 [main] INFO  BcosSDK() - create BcosSDK, start channel success, cryptoType: 0
2021-12-10 11:14:44.674 [main] INFO  BcosSDK() - create BcosSDK, start channel succ, channelProcessorThreadSize: 50, receiptProcessorThreadSize: 50
2021-12-10 11:14:44.690 [main] INFO  GroupManagerServiceImpl() - registerBlockNumberNotifyHandler
2021-12-10 11:14:44.691 [main] INFO  GroupManagerServiceImpl() - registerTransactionNotifyHandler
2021-12-10 11:14:44.719 [main] INFO  BcosSDK() - create BcosSDK, create groupManagerService success
2021-12-10 11:14:45.364 [main] WARN  KeyTool() - get method for EC5Util failed, method name: convertSpec
2021-12-10 11:14:45.378 [main] WARN  KeyTool() - get method for EC5Util failed, method name: convertSpec
2021-12-10 11:14:45.508 [main] WARN  KeyTool() - get method for EC5Util failed, method name: convertSpec
2021-12-10 11:14:45.511 [main] WARN  KeyTool() - get method for EC5Util failed, method name: convertSpec
2021-12-10 11:14:45.522 [main] WARN  KeyTool() - get method for EC5Util failed, method name: convertSpec
2021-12-10 11:14:45.523 [main] WARN  KeyTool() - get method for EC5Util failed, method name: convertSpec
2021-12-10 11:14:45.535 [main] WARN  KeyTool() - get method for EC5Util failed, method name: convertSpec
2021-12-10 11:14:45.536 [main] WARN  KeyTool() - get method for EC5Util failed, method name: convertSpec
2021-12-10 11:14:45.543 [main] WARN  KeyTool() - get method for EC5Util failed, method name: convertSpec
2021-12-10 11:14:45.544 [main] WARN  KeyTool() - get method for EC5Util failed, method name: convertSpec
2021-12-10 11:14:45.554 [main] WARN  KeyTool() - get method for EC5Util failed, method name: convertSpec
2021-12-10 11:14:45.556 [main] WARN  KeyTool() - get method for EC5Util failed, method name: convertSpec
2021-12-10 11:14:45.569 [main] WARN  KeyTool() - get method for EC5Util failed, method name: convertSpec
2021-12-10 11:14:45.570 [main] WARN  KeyTool() - get method for EC5Util failed, method name: convertSpec
2021-12-10 11:14:45.589 [main] WARN  KeyTool() - get method for EC5Util failed, method name: convertSpec
2021-12-10 11:14:45.590 [main] WARN  KeyTool() - get method for EC5Util failed, method name: convertSpec
2021-12-10 11:14:45.600 [main] WARN  KeyTool() - get method for EC5Util failed, method name: convertSpec
2021-12-10 11:14:45.601 [main] WARN  KeyTool() - get method for EC5Util failed, method name: convertSpec
2021-12-10 11:14:45.602 [main] INFO  AmopImp() - update subscribe inform 1 peers
2021-12-10 11:14:45.607 [main] INFO  AmopImp() - amop module started
2021-12-10 11:14:45.607 [main] INFO  AmopImp() - update subscribe inform 1 peers
2021-12-10 11:14:45.607 [main] INFO  BcosSDK() - create BcosSDK, create Amop success
2021-12-10 11:14:46.318 [main] WARN  KeyTool() - get method for EC5Util failed, method name: convertSpec
2021-12-10 11:14:46.319 [main] WARN  KeyTool() - get method for EC5Util failed, method name: convertSpec
2021-12-10 11:14:46.326 [main] WARN  KeyTool() - get method for EC5Util failed, method name: convertSpec
2021-12-10 11:14:46.328 [main] WARN  KeyTool() - get method for EC5Util failed, method name: convertSpec
2021-12-10 11:14:46.340 [main] WARN  KeyTool() - get method for EC5Util failed, method name: convertSpec
2021-12-10 11:14:46.341 [main] WARN  KeyTool() - get method for EC5Util failed, method name: convertSpec
2021-12-10 11:14:46.535 [main] WARN  KeyTool() - get method for EC5Util failed, method name: convertSpec
2021-12-10 11:14:46.539 [main] WARN  KeyTool() - get method for EC5Util failed, method name: convertSpec
2021-12-10 11:14:46.581 [main] WARN  KeyTool() - get method for EC5Util failed, method name: convertSpec
2021-12-10 11:14:46.583 [main] WARN  KeyTool() - get method for EC5Util failed, method name: convertSpec
2021-12-10 11:14:46.590 [main] WARN  KeyTool() - get method for EC5Util failed, method name: convertSpec
2021-12-10 11:14:46.591 [main] WARN  KeyTool() - get method for EC5Util failed, method name: convertSpec
2021-12-10 11:14:46.602 [main] WARN  KeyTool() - get method for EC5Util failed, method name: convertSpec
2021-12-10 11:14:46.604 [main] WARN  KeyTool() - get method for EC5Util failed, method name: convertSpec
2021-12-10 11:14:46.610 [main] WARN  KeyTool() - get method for EC5Util failed, method name: convertSpec
2021-12-10 11:14:46.611 [main] WARN  KeyTool() - get method for EC5Util failed, method name: convertSpec
2021-12-10 11:14:46.621 [main] WARN  KeyTool() - get method for EC5Util failed, method name: convertSpec
2021-12-10 11:14:46.622 [main] WARN  KeyTool() - get method for EC5Util failed, method name: convertSpec
2021-12-10 11:14:56.770 [pool-11-thread-1] WARN  KeyTool() - get method for EC5Util failed, method name: convertSpec
2021-12-10 11:14:56.771 [pool-11-thread-1] WARN  KeyTool() - get method for EC5Util failed, method name: convertSpec
2021-12-10 11:14:56.780 [pool-11-thread-1] WARN  KeyTool() - get method for EC5Util failed, method name: convertSpec
2021-12-10 11:14:56.781 [pool-11-thread-1] WARN  KeyTool() - get method for EC5Util failed, method name: convertSpec
2021-12-10 11:14:56.790 [pool-11-thread-1] WARN  KeyTool() - get method for EC5Util failed, method name: convertSpec
2021-12-10 11:14:56.791 [pool-11-thread-1] WARN  KeyTool() - get method for EC5Util failed, method name: convertSpec
2021-12-10 11:14:56.791 [pool-11-thread-1] INFO  CryptoSuite() - init CryptoSuite, cryptoType: 0
2021-12-10 11:14:56.800 [pool-11-thread-1] WARN  KeyTool() - get method for EC5Util failed, method name: convertSpec
2021-12-10 11:14:56.800 [pool-11-thread-1] WARN  KeyTool() - get method for EC5Util failed, method name: convertSpec
2021-12-10 11:14:56.801 [pool-11-thread-1] INFO  Client() - build client success for group 1
2021-12-10 11:14:56.801 [pool-11-thread-1] INFO  BcosSDK() - create client for group 1 success
2021-12-10 11:19:35.654 [http-nio-5002-exec-5] WARN  KeyTool() - get method for EC5Util failed, method name: convertSpec
2021-12-10 11:19:35.655 [http-nio-5002-exec-5] WARN  KeyTool() - get method for EC5Util failed, method name: convertSpec
2021-12-10 11:19:35.824 [http-nio-5002-exec-9] WARN  KeyTool() - get method for EC5Util failed, method name: convertSpec
2021-12-10 11:19:35.824 [http-nio-5002-exec-9] WARN  KeyTool() - get method for EC5Util failed, method name: convertSpec
2021-12-10 11:19:35.837 [http-nio-5002-exec-9] INFO  ContractABIDefinition() -  name: getEvidence, methodId: 0x60004bd1, methodSignature: getEvidence(address), abi: org.fisco.bcos.sdk.abi.wrapper.ABIDefinition@d4e3c41
2021-12-10 11:19:35.837 [http-nio-5002-exec-9] INFO  ABIDefinitionFactory() -  abiDefinition: org.fisco.bcos.sdk.abi.wrapper.ABIDefinition@d4e3c41
2021-12-10 11:19:35.837 [http-nio-5002-exec-9] INFO  ContractABIDefinition() -  name: newEvidence, methodId: 0xa3aaada5, methodSignature: newEvidence(string), abi: org.fisco.bcos.sdk.abi.wrapper.ABIDefinition@c5ea1a61
2021-12-10 11:19:35.837 [http-nio-5002-exec-9] INFO  ABIDefinitionFactory() -  abiDefinition: org.fisco.bcos.sdk.abi.wrapper.ABIDefinition@c5ea1a61
2021-12-10 11:19:35.837 [http-nio-5002-exec-9] INFO  ContractABIDefinition() -  name: newEvidenceEvent, abi: org.fisco.bcos.sdk.abi.wrapper.ABIDefinition@5e96694f
2021-12-10 11:19:35.837 [http-nio-5002-exec-9] INFO  ABIDefinitionFactory() -  abiDefinition: org.fisco.bcos.sdk.abi.wrapper.ABIDefinition@5e96694f
2021-12-10 11:19:35.837 [http-nio-5002-exec-9] INFO  ABIDefinitionFactory() -  contractABIDefinition org.fisco.bcos.sdk.abi.wrapper.ContractABIDefinition@5e564885 
2021-12-10 11:19:35.840 [http-nio-5002-exec-9] INFO  ABIObjectFactory() -  name: null
2021-12-10 11:20:38.801 [http-nio-5002-exec-7] INFO  ContractABIDefinition() -  name: newEvidence, methodId: 0xa3aaada5, methodSignature: newEvidence(string), abi: org.fisco.bcos.sdk.abi.wrapper.ABIDefinition@c5ea1a61
2021-12-10 11:20:38.801 [http-nio-5002-exec-7] INFO  ABIDefinitionFactory() -  abiDefinition: org.fisco.bcos.sdk.abi.wrapper.ABIDefinition@c5ea1a61
2021-12-10 11:20:38.801 [http-nio-5002-exec-7] INFO  ABIDefinitionFactory() -  contractABIDefinition org.fisco.bcos.sdk.abi.wrapper.ContractABIDefinition@7e5f2ffc 
2021-12-10 11:20:38.802 [http-nio-5002-exec-7] INFO  ContractABIDefinition() -  name: newEvidence, methodId: 0xa3aaada5, methodSignature: newEvidence(string), abi: org.fisco.bcos.sdk.abi.wrapper.ABIDefinition@c5ea1a61
2021-12-10 11:20:38.802 [http-nio-5002-exec-7] INFO  ABIDefinitionFactory() -  abiDefinition: org.fisco.bcos.sdk.abi.wrapper.ABIDefinition@c5ea1a61
2021-12-10 11:20:38.802 [http-nio-5002-exec-7] INFO  ABIDefinitionFactory() -  contractABIDefinition org.fisco.bcos.sdk.abi.wrapper.ContractABIDefinition@54cd6299 
2021-12-10 11:20:38.802 [http-nio-5002-exec-7] INFO  ABIObjectFactory() -  name: newEvidence
2021-12-10 11:20:38.805 [http-nio-5002-exec-7] INFO  ContractABIDefinition() -  name: newEvidence, methodId: 0xa3aaada5, methodSignature: newEvidence(string), abi: org.fisco.bcos.sdk.abi.wrapper.ABIDefinition@c5ea1a61
2021-12-10 11:20:38.806 [http-nio-5002-exec-7] INFO  ABIDefinitionFactory() -  abiDefinition: org.fisco.bcos.sdk.abi.wrapper.ABIDefinition@c5ea1a61
2021-12-10 11:20:38.806 [http-nio-5002-exec-7] INFO  ABIDefinitionFactory() -  contractABIDefinition org.fisco.bcos.sdk.abi.wrapper.ContractABIDefinition@6dda75a4 
2021-12-10 11:34:06.566 [http-nio-5002-exec-3] WARN  KeyTool() - get method for EC5Util failed, method name: convertSpec
2021-12-10 11:34:06.567 [http-nio-5002-exec-3] WARN  KeyTool() - get method for EC5Util failed, method name: convertSpec
2021-12-10 11:34:06.569 [http-nio-5002-exec-5] WARN  KeyTool() - get method for EC5Util failed, method name: convertSpec
2021-12-10 11:34:06.570 [http-nio-5002-exec-5] WARN  KeyTool() - get method for EC5Util failed, method name: convertSpec
2021-12-10 11:34:06.574 [http-nio-5002-exec-2] WARN  KeyTool() - get method for EC5Util failed, method name: convertSpec
2021-12-10 11:34:06.575 [http-nio-5002-exec-2] WARN  KeyTool() - get method for EC5Util failed, method name: convertSpec
2021-12-10 11:34:09.168 [http-nio-5002-exec-1] WARN  KeyTool() - get method for EC5Util failed, method name: convertSpec
2021-12-10 11:34:09.169 [http-nio-5002-exec-1] WARN  KeyTool() - get method for EC5Util failed, method name: convertSpec
2021-12-10 11:34:09.172 [http-nio-5002-exec-3] WARN  KeyTool() - get method for EC5Util failed, method name: convertSpec
2021-12-10 11:34:09.173 [http-nio-5002-exec-3] WARN  KeyTool() - get method for EC5Util failed, method name: convertSpec
2021-12-10 11:34:09.187 [http-nio-5002-exec-2] WARN  KeyTool() - get method for EC5Util failed, method name: convertSpec
2021-12-10 11:34:09.188 [http-nio-5002-exec-2] WARN  KeyTool() - get method for EC5Util failed, method name: convertSpec
2021-12-10 11:34:20.412 [http-nio-5002-exec-3] WARN  KeyTool() - get method for EC5Util failed, method name: convertSpec
2021-12-10 11:34:20.413 [http-nio-5002-exec-3] WARN  KeyTool() - get method for EC5Util failed, method name: convertSpec
2021-12-10 11:34:20.446 [http-nio-5002-exec-2] WARN  KeyTool() - get method for EC5Util failed, method name: convertSpec
2021-12-10 11:34:20.446 [http-nio-5002-exec-2] WARN  KeyTool() - get method for EC5Util failed, method name: convertSpec
2021-12-10 11:34:20.450 [http-nio-5002-exec-2] INFO  ContractABIDefinition() -  name: addSignatures, methodId: 0x203e4922, methodSignature: addSignatures(address), abi: org.fisco.bcos.sdk.abi.wrapper.ABIDefinition@368314a6
2021-12-10 11:34:20.450 [http-nio-5002-exec-2] INFO  ABIDefinitionFactory() -  abiDefinition: org.fisco.bcos.sdk.abi.wrapper.ABIDefinition@368314a6
2021-12-10 11:34:20.450 [http-nio-5002-exec-2] INFO  ContractABIDefinition() -  name: getSigner, methodId: 0x3ffefe4e, methodSignature: getSigner(uint256), abi: org.fisco.bcos.sdk.abi.wrapper.ABIDefinition@b462068d
2021-12-10 11:34:20.450 [http-nio-5002-exec-2] INFO  ABIDefinitionFactory() -  abiDefinition: org.fisco.bcos.sdk.abi.wrapper.ABIDefinition@b462068d
2021-12-10 11:34:20.450 [http-nio-5002-exec-2] INFO  ContractABIDefinition() -  name: getEvidence, methodId: 0x60004bd1, methodSignature: getEvidence(address), abi: org.fisco.bcos.sdk.abi.wrapper.ABIDefinition@e3664f01
2021-12-10 11:34:20.450 [http-nio-5002-exec-2] INFO  ABIDefinitionFactory() -  abiDefinition: org.fisco.bcos.sdk.abi.wrapper.ABIDefinition@e3664f01
2021-12-10 11:34:20.450 [http-nio-5002-exec-2] INFO  ContractABIDefinition() -  name: verify, methodId: 0x63a9c3d7, methodSignature: verify(address), abi: org.fisco.bcos.sdk.abi.wrapper.ABIDefinition@166db7b4
2021-12-10 11:34:20.450 [http-nio-5002-exec-2] INFO  ABIDefinitionFactory() -  abiDefinition: org.fisco.bcos.sdk.abi.wrapper.ABIDefinition@166db7b4
2021-12-10 11:34:20.451 [http-nio-5002-exec-2] INFO  ContractABIDefinition() -  name: getSigners, methodId: 0x94cf795e, methodSignature: getSigners(), abi: org.fisco.bcos.sdk.abi.wrapper.ABIDefinition@e1a5df4f
2021-12-10 11:34:20.451 [http-nio-5002-exec-2] INFO  ABIDefinitionFactory() -  abiDefinition: org.fisco.bcos.sdk.abi.wrapper.ABIDefinition@e1a5df4f
2021-12-10 11:34:20.451 [http-nio-5002-exec-2] INFO  ContractABIDefinition() -  name: newEvidence, methodId: 0xa3aaada5, methodSignature: newEvidence(string), abi: org.fisco.bcos.sdk.abi.wrapper.ABIDefinition@c5ea1a61
2021-12-10 11:34:20.451 [http-nio-5002-exec-2] INFO  ABIDefinitionFactory() -  abiDefinition: org.fisco.bcos.sdk.abi.wrapper.ABIDefinition@c5ea1a61
2021-12-10 11:34:20.451 [http-nio-5002-exec-2] INFO  ContractABIDefinition() -  name: getSignersSize, methodId: 0xfa69efbd, methodSignature: getSignersSize(), abi: org.fisco.bcos.sdk.abi.wrapper.ABIDefinition@b84694ed
2021-12-10 11:34:20.451 [http-nio-5002-exec-2] INFO  ABIDefinitionFactory() -  abiDefinition: org.fisco.bcos.sdk.abi.wrapper.ABIDefinition@b84694ed
2021-12-10 11:34:20.451 [http-nio-5002-exec-2] INFO  ABIDefinitionFactory() -  abiDefinition: org.fisco.bcos.sdk.abi.wrapper.ABIDefinition@14c66ca0
2021-12-10 11:34:20.451 [http-nio-5002-exec-2] INFO  ContractABIDefinition() -  name: newEvidenceEvent, abi: org.fisco.bcos.sdk.abi.wrapper.ABIDefinition@5e96694f
2021-12-10 11:34:20.451 [http-nio-5002-exec-2] INFO  ABIDefinitionFactory() -  abiDefinition: org.fisco.bcos.sdk.abi.wrapper.ABIDefinition@5e96694f
2021-12-10 11:34:20.451 [http-nio-5002-exec-2] INFO  ABIDefinitionFactory() -  contractABIDefinition org.fisco.bcos.sdk.abi.wrapper.ContractABIDefinition@38f486f5 
2021-12-10 11:34:20.451 [http-nio-5002-exec-2] INFO  ABIObjectFactory() -  name: null
2021-12-10 11:38:24.555 [http-nio-5002-exec-2] WARN  KeyTool() - get method for EC5Util failed, method name: convertSpec
2021-12-10 11:38:24.556 [http-nio-5002-exec-2] WARN  KeyTool() - get method for EC5Util failed, method name: convertSpec
2021-12-10 11:38:24.579 [http-nio-5002-exec-7] WARN  KeyTool() - get method for EC5Util failed, method name: convertSpec
2021-12-10 11:38:24.580 [http-nio-5002-exec-7] WARN  KeyTool() - get method for EC5Util failed, method name: convertSpec
2021-12-10 13:58:19.640 [http-nio-5002-exec-5] WARN  KeyTool() - get method for EC5Util failed, method name: convertSpec
2021-12-10 13:58:19.641 [http-nio-5002-exec-5] WARN  KeyTool() - get method for EC5Util failed, method name: convertSpec
2021-12-10 13:58:19.663 [http-nio-5002-exec-6] WARN  KeyTool() - get method for EC5Util failed, method name: convertSpec
2021-12-10 13:58:19.663 [http-nio-5002-exec-6] WARN  KeyTool() - get method for EC5Util failed, method name: convertSpec
2021-12-10 13:58:40.468 [http-nio-5002-exec-8] WARN  KeyTool() - get method for EC5Util failed, method name: convertSpec
2021-12-10 13:58:40.468 [http-nio-5002-exec-8] WARN  KeyTool() - get method for EC5Util failed, method name: convertSpec
2021-12-10 13:58:40.504 [http-nio-5002-exec-3] WARN  KeyTool() - get method for EC5Util failed, method name: convertSpec
2021-12-10 13:58:40.505 [http-nio-5002-exec-3] WARN  KeyTool() - get method for EC5Util failed, method name: convertSpec
2021-12-10 13:58:40.512 [http-nio-5002-exec-3] INFO  ContractABIDefinition() -  name: addSignatures, methodId: 0x203e4922, methodSignature: addSignatures(address), abi: org.fisco.bcos.sdk.abi.wrapper.ABIDefinition@368314a6
2021-12-10 13:58:40.512 [http-nio-5002-exec-3] INFO  ABIDefinitionFactory() -  abiDefinition: org.fisco.bcos.sdk.abi.wrapper.ABIDefinition@368314a6
2021-12-10 13:58:40.512 [http-nio-5002-exec-3] INFO  ContractABIDefinition() -  name: getSigner, methodId: 0x3ffefe4e, methodSignature: getSigner(uint256), abi: org.fisco.bcos.sdk.abi.wrapper.ABIDefinition@b462068d
2021-12-10 13:58:40.512 [http-nio-5002-exec-3] INFO  ABIDefinitionFactory() -  abiDefinition: org.fisco.bcos.sdk.abi.wrapper.ABIDefinition@b462068d
2021-12-10 13:58:40.512 [http-nio-5002-exec-3] INFO  ContractABIDefinition() -  name: getEvidence, methodId: 0x60004bd1, methodSignature: getEvidence(address), abi: org.fisco.bcos.sdk.abi.wrapper.ABIDefinition@e3664f01
2021-12-10 13:58:40.512 [http-nio-5002-exec-3] INFO  ABIDefinitionFactory() -  abiDefinition: org.fisco.bcos.sdk.abi.wrapper.ABIDefinition@e3664f01
2021-12-10 13:58:40.512 [http-nio-5002-exec-3] INFO  ContractABIDefinition() -  name: verify, methodId: 0x63a9c3d7, methodSignature: verify(address), abi: org.fisco.bcos.sdk.abi.wrapper.ABIDefinition@166db7b4
2021-12-10 13:58:40.512 [http-nio-5002-exec-3] INFO  ABIDefinitionFactory() -  abiDefinition: org.fisco.bcos.sdk.abi.wrapper.ABIDefinition@166db7b4
2021-12-10 13:58:40.512 [http-nio-5002-exec-3] INFO  ContractABIDefinition() -  name: getSigners, methodId: 0x94cf795e, methodSignature: getSigners(), abi: org.fisco.bcos.sdk.abi.wrapper.ABIDefinition@e1a5df4f
2021-12-10 13:58:40.512 [http-nio-5002-exec-3] INFO  ABIDefinitionFactory() -  abiDefinition: org.fisco.bcos.sdk.abi.wrapper.ABIDefinition@e1a5df4f
2021-12-10 13:58:40.513 [http-nio-5002-exec-3] INFO  ContractABIDefinition() -  name: newEvidence, methodId: 0xa3aaada5, methodSignature: newEvidence(string), abi: org.fisco.bcos.sdk.abi.wrapper.ABIDefinition@c5ea1a61
2021-12-10 13:58:40.513 [http-nio-5002-exec-3] INFO  ABIDefinitionFactory() -  abiDefinition: org.fisco.bcos.sdk.abi.wrapper.ABIDefinition@c5ea1a61
2021-12-10 13:58:40.513 [http-nio-5002-exec-3] INFO  ContractABIDefinition() -  name: getSignersSize, methodId: 0xfa69efbd, methodSignature: getSignersSize(), abi: org.fisco.bcos.sdk.abi.wrapper.ABIDefinition@b84694ed
2021-12-10 13:58:40.513 [http-nio-5002-exec-3] INFO  ABIDefinitionFactory() -  abiDefinition: org.fisco.bcos.sdk.abi.wrapper.ABIDefinition@b84694ed
2021-12-10 13:58:40.513 [http-nio-5002-exec-3] INFO  ABIDefinitionFactory() -  abiDefinition: org.fisco.bcos.sdk.abi.wrapper.ABIDefinition@14c66ca0
2021-12-10 13:58:40.513 [http-nio-5002-exec-3] INFO  ContractABIDefinition() -  name: newEvidenceEvent, abi: org.fisco.bcos.sdk.abi.wrapper.ABIDefinition@5e96694f
2021-12-10 13:58:40.513 [http-nio-5002-exec-3] INFO  ABIDefinitionFactory() -  abiDefinition: org.fisco.bcos.sdk.abi.wrapper.ABIDefinition@5e96694f
2021-12-10 13:58:40.513 [http-nio-5002-exec-3] INFO  ABIDefinitionFactory() -  contractABIDefinition org.fisco.bcos.sdk.abi.wrapper.ContractABIDefinition@583c475f 
2021-12-10 13:58:40.513 [http-nio-5002-exec-3] INFO  ABIObjectFactory() -  name: null
2021-12-10 14:04:00.721 [http-nio-5002-exec-1] WARN  KeyTool() - get method for EC5Util failed, method name: convertSpec
2021-12-10 14:04:00.722 [http-nio-5002-exec-1] WARN  KeyTool() - get method for EC5Util failed, method name: convertSpec
2021-12-10 14:04:00.746 [http-nio-5002-exec-7] WARN  KeyTool() - get method for EC5Util failed, method name: convertSpec
2021-12-10 14:04:00.747 [http-nio-5002-exec-7] WARN  KeyTool() - get method for EC5Util failed, method name: convertSpec
2021-12-10 14:04:00.765 [http-nio-5002-exec-8] WARN  KeyTool() - get method for EC5Util failed, method name: convertSpec
2021-12-10 14:04:00.765 [http-nio-5002-exec-8] WARN  KeyTool() - get method for EC5Util failed, method name: convertSpec
2021-12-10 14:04:05.243 [http-nio-5002-exec-3] WARN  KeyTool() - get method for EC5Util failed, method name: convertSpec
2021-12-10 14:04:05.243 [http-nio-5002-exec-3] WARN  KeyTool() - get method for EC5Util failed, method name: convertSpec
2021-12-10 14:04:05.261 [http-nio-5002-exec-1] WARN  KeyTool() - get method for EC5Util failed, method name: convertSpec
2021-12-10 14:04:05.262 [http-nio-5002-exec-1] WARN  KeyTool() - get method for EC5Util failed, method name: convertSpec
2021-12-10 14:04:05.285 [http-nio-5002-exec-7] WARN  KeyTool() - get method for EC5Util failed, method name: convertSpec
2021-12-10 14:04:05.287 [http-nio-5002-exec-7] WARN  KeyTool() - get method for EC5Util failed, method name: convertSpec
2021-12-10 14:04:14.265 [http-nio-5002-exec-5] WARN  KeyTool() - get method for EC5Util failed, method name: convertSpec
2021-12-10 14:04:14.266 [http-nio-5002-exec-5] WARN  KeyTool() - get method for EC5Util failed, method name: convertSpec
2021-12-10 14:04:14.295 [http-nio-5002-exec-2] WARN  KeyTool() - get method for EC5Util failed, method name: convertSpec
2021-12-10 14:04:14.296 [http-nio-5002-exec-2] WARN  KeyTool() - get method for EC5Util failed, method name: convertSpec
2021-12-10 14:04:14.300 [http-nio-5002-exec-2] INFO  ContractABIDefinition() -  name: addSignatures, methodId: 0x203e4922, methodSignature: addSignatures(address), abi: org.fisco.bcos.sdk.abi.wrapper.ABIDefinition@368314a6
2021-12-10 14:04:14.300 [http-nio-5002-exec-2] INFO  ABIDefinitionFactory() -  abiDefinition: org.fisco.bcos.sdk.abi.wrapper.ABIDefinition@368314a6
2021-12-10 14:04:14.300 [http-nio-5002-exec-2] INFO  ContractABIDefinition() -  name: getSigner, methodId: 0x3ffefe4e, methodSignature: getSigner(uint256), abi: org.fisco.bcos.sdk.abi.wrapper.ABIDefinition@b462068d
2021-12-10 14:04:14.300 [http-nio-5002-exec-2] INFO  ABIDefinitionFactory() -  abiDefinition: org.fisco.bcos.sdk.abi.wrapper.ABIDefinition@b462068d
2021-12-10 14:04:14.300 [http-nio-5002-exec-2] INFO  ContractABIDefinition() -  name: getEvidence, methodId: 0x60004bd1, methodSignature: getEvidence(address), abi: org.fisco.bcos.sdk.abi.wrapper.ABIDefinition@e3664f01
2021-12-10 14:04:14.300 [http-nio-5002-exec-2] INFO  ABIDefinitionFactory() -  abiDefinition: org.fisco.bcos.sdk.abi.wrapper.ABIDefinition@e3664f01
2021-12-10 14:04:14.300 [http-nio-5002-exec-2] INFO  ContractABIDefinition() -  name: verify, methodId: 0x63a9c3d7, methodSignature: verify(address), abi: org.fisco.bcos.sdk.abi.wrapper.ABIDefinition@166db7b4
2021-12-10 14:04:14.300 [http-nio-5002-exec-2] INFO  ABIDefinitionFactory() -  abiDefinition: org.fisco.bcos.sdk.abi.wrapper.ABIDefinition@166db7b4
2021-12-10 14:04:14.301 [http-nio-5002-exec-2] INFO  ContractABIDefinition() -  name: getSigners, methodId: 0x94cf795e, methodSignature: getSigners(), abi: org.fisco.bcos.sdk.abi.wrapper.ABIDefinition@e1a5df4f
2021-12-10 14:04:14.301 [http-nio-5002-exec-2] INFO  ABIDefinitionFactory() -  abiDefinition: org.fisco.bcos.sdk.abi.wrapper.ABIDefinition@e1a5df4f
2021-12-10 14:04:14.301 [http-nio-5002-exec-2] INFO  ContractABIDefinition() -  name: newEvidence, methodId: 0xa3aaada5, methodSignature: newEvidence(string), abi: org.fisco.bcos.sdk.abi.wrapper.ABIDefinition@c5ea1a61
2021-12-10 14:04:14.301 [http-nio-5002-exec-2] INFO  ABIDefinitionFactory() -  abiDefinition: org.fisco.bcos.sdk.abi.wrapper.ABIDefinition@c5ea1a61
2021-12-10 14:04:14.301 [http-nio-5002-exec-2] INFO  ContractABIDefinition() -  name: getSignersSize, methodId: 0xfa69efbd, methodSignature: getSignersSize(), abi: org.fisco.bcos.sdk.abi.wrapper.ABIDefinition@b84694ed
2021-12-10 14:04:14.301 [http-nio-5002-exec-2] INFO  ABIDefinitionFactory() -  abiDefinition: org.fisco.bcos.sdk.abi.wrapper.ABIDefinition@b84694ed
2021-12-10 14:04:14.301 [http-nio-5002-exec-2] INFO  ABIDefinitionFactory() -  abiDefinition: org.fisco.bcos.sdk.abi.wrapper.ABIDefinition@14c66ca0
2021-12-10 14:04:14.301 [http-nio-5002-exec-2] INFO  ContractABIDefinition() -  name: newEvidenceEvent, abi: org.fisco.bcos.sdk.abi.wrapper.ABIDefinition@5e96694f
2021-12-10 14:04:14.301 [http-nio-5002-exec-2] INFO  ABIDefinitionFactory() -  abiDefinition: org.fisco.bcos.sdk.abi.wrapper.ABIDefinition@5e96694f
2021-12-10 14:04:14.301 [http-nio-5002-exec-2] INFO  ABIDefinitionFactory() -  contractABIDefinition org.fisco.bcos.sdk.abi.wrapper.ContractABIDefinition@2c00dc5f 
2021-12-10 14:04:14.301 [http-nio-5002-exec-2] INFO  ABIObjectFactory() -  name: null
2021-12-10 14:27:55.676 [http-nio-5002-exec-1] INFO  ContractABIDefinition() -  name: newEvidence, methodId: 0xa3aaada5, methodSignature: newEvidence(string), abi: org.fisco.bcos.sdk.abi.wrapper.ABIDefinition@c5ea1a61
2021-12-10 14:27:55.676 [http-nio-5002-exec-1] INFO  ABIDefinitionFactory() -  abiDefinition: org.fisco.bcos.sdk.abi.wrapper.ABIDefinition@c5ea1a61
2021-12-10 14:27:55.676 [http-nio-5002-exec-1] INFO  ABIDefinitionFactory() -  contractABIDefinition org.fisco.bcos.sdk.abi.wrapper.ContractABIDefinition@2b14421b 
2021-12-10 14:27:55.676 [http-nio-5002-exec-1] INFO  ContractABIDefinition() -  name: newEvidence, methodId: 0xa3aaada5, methodSignature: newEvidence(string), abi: org.fisco.bcos.sdk.abi.wrapper.ABIDefinition@c5ea1a61
2021-12-10 14:27:55.676 [http-nio-5002-exec-1] INFO  ABIDefinitionFactory() -  abiDefinition: org.fisco.bcos.sdk.abi.wrapper.ABIDefinition@c5ea1a61
2021-12-10 14:27:55.676 [http-nio-5002-exec-1] INFO  ABIDefinitionFactory() -  contractABIDefinition org.fisco.bcos.sdk.abi.wrapper.ContractABIDefinition@499f502a 
2021-12-10 14:27:55.676 [http-nio-5002-exec-1] INFO  ABIObjectFactory() -  name: newEvidence
2021-12-10 14:27:55.677 [http-nio-5002-exec-1] INFO  ContractABIDefinition() -  name: newEvidence, methodId: 0xa3aaada5, methodSignature: newEvidence(string), abi: org.fisco.bcos.sdk.abi.wrapper.ABIDefinition@c5ea1a61
2021-12-10 14:27:55.677 [http-nio-5002-exec-1] INFO  ABIDefinitionFactory() -  abiDefinition: org.fisco.bcos.sdk.abi.wrapper.ABIDefinition@c5ea1a61
2021-12-10 14:27:55.677 [http-nio-5002-exec-1] INFO  ABIDefinitionFactory() -  contractABIDefinition org.fisco.bcos.sdk.abi.wrapper.ContractABIDefinition@1c855701 
2021-12-10 16:57:41.861 [http-nio-5002-exec-6] WARN  KeyTool() - get method for EC5Util failed, method name: convertSpec
2021-12-10 16:57:41.862 [http-nio-5002-exec-6] WARN  KeyTool() - get method for EC5Util failed, method name: convertSpec
2021-12-10 16:57:41.864 [http-nio-5002-exec-4] WARN  KeyTool() - get method for EC5Util failed, method name: convertSpec
2021-12-10 16:57:41.864 [http-nio-5002-exec-4] WARN  KeyTool() - get method for EC5Util failed, method name: convertSpec
2021-12-10 16:57:41.868 [http-nio-5002-exec-5] WARN  KeyTool() - get method for EC5Util failed, method name: convertSpec
2021-12-10 16:57:41.869 [http-nio-5002-exec-5] WARN  KeyTool() - get method for EC5Util failed, method name: convertSpec
2021-12-10 16:59:27.065 [http-nio-5002-exec-5] WARN  KeyTool() - get method for EC5Util failed, method name: convertSpec
2021-12-10 16:59:27.065 [http-nio-5002-exec-5] WARN  KeyTool() - get method for EC5Util failed, method name: convertSpec
2021-12-10 16:59:27.066 [http-nio-5002-exec-4] WARN  KeyTool() - get method for EC5Util failed, method name: convertSpec
2021-12-10 16:59:27.067 [http-nio-5002-exec-4] WARN  KeyTool() - get method for EC5Util failed, method name: convertSpec
2021-12-10 16:59:27.075 [http-nio-5002-exec-1] WARN  KeyTool() - get method for EC5Util failed, method name: convertSpec
2021-12-10 16:59:27.075 [http-nio-5002-exec-1] WARN  KeyTool() - get method for EC5Util failed, method name: convertSpec
2021-12-10 16:59:29.774 [http-nio-5002-exec-6] WARN  KeyTool() - get method for EC5Util failed, method name: convertSpec
2021-12-10 16:59:29.774 [http-nio-5002-exec-2] WARN  KeyTool() - get method for EC5Util failed, method name: convertSpec
2021-12-10 16:59:29.775 [http-nio-5002-exec-6] WARN  KeyTool() - get method for EC5Util failed, method name: convertSpec
2021-12-10 16:59:29.775 [http-nio-5002-exec-2] WARN  KeyTool() - get method for EC5Util failed, method name: convertSpec
2021-12-10 16:59:29.782 [http-nio-5002-exec-1] WARN  KeyTool() - get method for EC5Util failed, method name: convertSpec
2021-12-10 16:59:29.782 [http-nio-5002-exec-1] WARN  KeyTool() - get method for EC5Util failed, method name: convertSpec
2021-12-10 16:59:32.765 [http-nio-5002-exec-7] WARN  KeyTool() - get method for EC5Util failed, method name: convertSpec
2021-12-10 16:59:32.765 [http-nio-5002-exec-7] WARN  KeyTool() - get method for EC5Util failed, method name: convertSpec
2021-12-10 16:59:32.787 [http-nio-5002-exec-9] WARN  KeyTool() - get method for EC5Util failed, method name: convertSpec
2021-12-10 16:59:32.788 [http-nio-5002-exec-9] WARN  KeyTool() - get method for EC5Util failed, method name: convertSpec
2021-12-10 16:59:32.806 [http-nio-5002-exec-5] WARN  KeyTool() - get method for EC5Util failed, method name: convertSpec
2021-12-10 16:59:32.806 [http-nio-5002-exec-5] WARN  KeyTool() - get method for EC5Util failed, method name: convertSpec
2021-12-10 16:59:32.823 [http-nio-5002-exec-8] WARN  KeyTool() - get method for EC5Util failed, method name: convertSpec
2021-12-10 16:59:32.824 [http-nio-5002-exec-8] WARN  KeyTool() - get method for EC5Util failed, method name: convertSpec
2021-12-10 17:00:20.386 [http-nio-5002-exec-3] WARN  KeyTool() - get method for EC5Util failed, method name: convertSpec
2021-12-10 17:00:20.386 [http-nio-5002-exec-5] WARN  KeyTool() - get method for EC5Util failed, method name: convertSpec
2021-12-10 17:00:20.386 [http-nio-5002-exec-3] WARN  KeyTool() - get method for EC5Util failed, method name: convertSpec
2021-12-10 17:00:20.386 [http-nio-5002-exec-5] WARN  KeyTool() - get method for EC5Util failed, method name: convertSpec
2021-12-10 17:00:20.394 [http-nio-5002-exec-7] WARN  KeyTool() - get method for EC5Util failed, method name: convertSpec
2021-12-10 17:00:20.394 [http-nio-5002-exec-7] WARN  KeyTool() - get method for EC5Util failed, method name: convertSpec
2021-12-10 17:00:23.610 [http-nio-5002-exec-6] WARN  KeyTool() - get method for EC5Util failed, method name: convertSpec
2021-12-10 17:00:23.611 [http-nio-5002-exec-6] WARN  KeyTool() - get method for EC5Util failed, method name: convertSpec
2021-12-10 17:00:23.611 [http-nio-5002-exec-1] WARN  KeyTool() - get method for EC5Util failed, method name: convertSpec
2021-12-10 17:00:23.612 [http-nio-5002-exec-1] WARN  KeyTool() - get method for EC5Util failed, method name: convertSpec
2021-12-10 17:00:23.639 [http-nio-5002-exec-2] WARN  KeyTool() - get method for EC5Util failed, method name: convertSpec
2021-12-10 17:00:23.640 [http-nio-5002-exec-2] WARN  KeyTool() - get method for EC5Util failed, method name: convertSpec
2021-12-10 17:01:23.143 [http-nio-5002-exec-1] WARN  KeyTool() - get method for EC5Util failed, method name: convertSpec
2021-12-10 17:01:23.143 [http-nio-5002-exec-6] WARN  KeyTool() - get method for EC5Util failed, method name: convertSpec
2021-12-10 17:01:23.144 [http-nio-5002-exec-1] WARN  KeyTool() - get method for EC5Util failed, method name: convertSpec
2021-12-10 17:01:23.144 [http-nio-5002-exec-6] WARN  KeyTool() - get method for EC5Util failed, method name: convertSpec
2021-12-10 17:01:23.151 [http-nio-5002-exec-4] WARN  KeyTool() - get method for EC5Util failed, method name: convertSpec
2021-12-10 17:01:23.152 [http-nio-5002-exec-4] WARN  KeyTool() - get method for EC5Util failed, method name: convertSpec
2021-12-10 17:01:25.636 [http-nio-5002-exec-7] WARN  KeyTool() - get method for EC5Util failed, method name: convertSpec
2021-12-10 17:01:25.636 [http-nio-5002-exec-10] WARN  KeyTool() - get method for EC5Util failed, method name: convertSpec
2021-12-10 17:01:25.636 [http-nio-5002-exec-7] WARN  KeyTool() - get method for EC5Util failed, method name: convertSpec
2021-12-10 17:01:25.636 [http-nio-5002-exec-10] WARN  KeyTool() - get method for EC5Util failed, method name: convertSpec
2021-12-10 17:01:25.652 [http-nio-5002-exec-9] WARN  KeyTool() - get method for EC5Util failed, method name: convertSpec
2021-12-10 17:01:25.653 [http-nio-5002-exec-9] WARN  KeyTool() - get method for EC5Util failed, method name: convertSpec
2021-12-10 17:02:00.975 [http-nio-5002-exec-1] WARN  KeyTool() - get method for EC5Util failed, method name: convertSpec
2021-12-10 17:02:00.976 [http-nio-5002-exec-1] WARN  KeyTool() - get method for EC5Util failed, method name: convertSpec
2021-12-10 17:02:00.983 [http-nio-5002-exec-2] WARN  KeyTool() - get method for EC5Util failed, method name: convertSpec
2021-12-10 17:02:00.983 [http-nio-5002-exec-3] WARN  KeyTool() - get method for EC5Util failed, method name: convertSpec
2021-12-10 17:02:00.984 [http-nio-5002-exec-2] WARN  KeyTool() - get method for EC5Util failed, method name: convertSpec
2021-12-10 17:02:00.984 [http-nio-5002-exec-3] WARN  KeyTool() - get method for EC5Util failed, method name: convertSpec
2021-12-10 17:02:09.555 [http-nio-5002-exec-6] WARN  KeyTool() - get method for EC5Util failed, method name: convertSpec
2021-12-10 17:02:09.555 [http-nio-5002-exec-6] WARN  KeyTool() - get method for EC5Util failed, method name: convertSpec
2021-12-10 17:02:09.557 [http-nio-5002-exec-1] WARN  KeyTool() - get method for EC5Util failed, method name: convertSpec
2021-12-10 17:02:09.558 [http-nio-5002-exec-1] WARN  KeyTool() - get method for EC5Util failed, method name: convertSpec
2021-12-10 17:02:09.568 [http-nio-5002-exec-4] WARN  KeyTool() - get method for EC5Util failed, method name: convertSpec
2021-12-10 17:02:09.569 [http-nio-5002-exec-4] WARN  KeyTool() - get method for EC5Util failed, method name: convertSpec
